Using pre-set license

 COMMAND LINE ARGUMENTS:
/Applications/Unity/Hub/Editor/2020.3.7f1/Unity.app/Contents/MacOS/Unity
-adb2
-batchMode
-noUpm
-name
AssetImportWorker0
-projectPath
/Users/zoeyfarago/lighthouse/post/Plants/Plant Bonanza
-logFile
Logs/AssetImportWorker0.log
-srvPort
52699
Successfully changed project path to: /Users/zoeyfarago/lighthouse/post/Plants/Plant Bonanza
/Users/zoeyfarago/lighthouse/post/Plants/Plant Bonanza
Using Asset Import Pipeline V2.
Refreshing native plugins compatible for Editor in 77.78 ms, found 2 plugins.
Preloading 0 native plugins for Editor in 0.00 ms.
Initialize engine version: 2020.3.7f1 (dd97f2c94397)
[Subsystems] Discovering subsystems at path /Applications/Unity/Hub/Editor/2020.3.7f1/Unity.app/Contents/Resources/UnitySubsystems
[Subsystems] Discovering subsystems at path /Users/zoeyfarago/lighthouse/post/Plants/Plant Bonanza/Assets
GfxDevice: creating device client; threaded=0
2021-06-15 18:12:13.588 Unity[11662:3004766] Color LCD preferred device: Intel(R) Iris(TM) Plus Graphics 650 (low power)
2021-06-15 18:12:13.588 Unity[11662:3004766] Metal devices available: 1
2021-06-15 18:12:13.588 Unity[11662:3004766] 0: Intel(R) Iris(TM) Plus Graphics 650 (low power)
2021-06-15 18:12:13.589 Unity[11662:3004766] Using device Intel(R) Iris(TM) Plus Graphics 650 (low power)
Initializing Metal device caps: Intel(R) Iris(TM) Plus Graphics 650
Initialize mono
Mono path[0] = '/Applications/Unity/Hub/Editor/2020.3.7f1/Unity.app/Contents/Managed'
Mono path[1] = '/Applications/Unity/Hub/Editor/2020.3.7f1/Unity.app/Contents/MonoBleedingEdge/lib/mono/unityjit'
Mono config path = '/Applications/Unity/Hub/Editor/2020.3.7f1/Unity.app/Contents/MonoBleedingEdge/etc'
Using monoOptions --debugger-agent=transport=dt_socket,embedding=1,server=y,suspend=n,address=127.0.0.1:56662
Begin MonoManager ReloadAssembly
Registering precompiled unity dll's ...
Register platform support module: /Applications/Unity/Hub/Editor/2020.3.7f1/Unity.app/Contents/PlaybackEngines/MacStandaloneSupport/UnityEditor.OSXStandalone.Extensions.dll
Registered in 0.003934 seconds.
Native extension for OSXStandalone target not found
Refreshing native plugins compatible for Editor in 61.00 ms, found 2 plugins.
Preloading 0 native plugins for Editor in 0.00 ms.
Mono: successfully reloaded assembly
- Completed reload, in  1.732 seconds
Platform modules already initialized, skipping
Registering precompiled user dll's ...
Registered in 0.002140 seconds.
Begin MonoManager ReloadAssembly
Native extension for OSXStandalone target not found
Refreshing native plugins compatible for Editor in 62.70 ms, found 2 plugins.
Preloading 0 native plugins for Editor in 0.00 ms.
Mono: successfully reloaded assembly
- Completed reload, in  1.422 seconds
Platform modules already initialized, skipping
========================================================================
Worker process is ready to serve import requests
Launching external process: /Applications/Unity/Hub/Editor/2020.3.7f1/Unity.app/Contents/Tools/UnityShaderCompiler
Launched and connected shader compiler UnityShaderCompiler after 0.03 seconds
Refreshing native plugins compatible for Editor in 2.23 ms, found 2 plugins.
Preloading 0 native plugins for Editor in 0.00 ms.
Unloading 1808 Unused Serialized files (Serialized files now loaded: 0)
System memory in use before: 148.1 MB.
System memory in use after: 148.0 MB.

Unloading 24 unused Assets to reduce memory usage. Loaded Objects now: 2255.
Total: 2.757100 ms (FindLiveObjects: 0.454907 ms CreateObjectMapping: 0.113500 ms MarkObjects: 2.023687 ms  DeleteObjects: 0.163715 ms)

========================================================================
Received Import Request.
  path: Assets/Assets_DevilsWorkShop/Low_Poly_Pixel_2D_Blocks_DevilsWorkShop_v04/Prefabs/assets_1024x1024/isometric_0075.prefab
  artifactKey: Guid(795c50d0ee7054a41b356caedd653d02) Importer(815301076,1909f56bfc062723c751e8b465ee728b)
Start importing Assets/Assets_DevilsWorkShop/Low_Poly_Pixel_2D_Blocks_DevilsWorkShop_v04/Prefabs/assets_1024x1024/isometric_0075.prefab using Guid(795c50d0ee7054a41b356caedd653d02) Importer(815301076,1909f56bfc062723c751e8b465ee728b)  -> (artifact id: '4097c4c9d035260341d741a4428e7bf1') in 0.414934 seconds
  Import took 0.421029 seconds .

========================================================================
Received Import Request.
  Time since last request: 84.557516 seconds.
  path: Assets/Scenes/SampleScene.unity
  artifactKey: Guid(2cda990e2423bbf4892e6590ba056729) Importer(815301076,1909f56bfc062723c751e8b465ee728b)
Start importing Assets/Scenes/SampleScene.unity using Guid(2cda990e2423bbf4892e6590ba056729) Importer(815301076,1909f56bfc062723c751e8b465ee728b)  -> (artifact id: '261e20381fe4705f1861602520500a06') in 0.003195 seconds
  Import took 0.010612 seconds .

========================================================================
Received Import Request.
  Time since last request: 300.907195 seconds.
  path: Assets/Handpainted_Forest_pack/Map_v1Settings.lighting
  artifactKey: Guid(e371a62f9998f4f8f95b0bc0d02ffd81) Importer(815301076,1909f56bfc062723c751e8b465ee728b)
Start importing Assets/Handpainted_Forest_pack/Map_v1Settings.lighting using Guid(e371a62f9998f4f8f95b0bc0d02ffd81) Importer(815301076,1909f56bfc062723c751e8b465ee728b) LightingSettings: switching bake backend from 1 to 0.
 -> (artifact id: '21fe9f2e53b8383894c32da5db57d18d') in 0.302528 seconds
  Import took 0.310414 seconds .

========================================================================
Received Import Request.
  Time since last request: 3.897113 seconds.
  path: Assets/Handpainted_Forest_pack/Showcase_sceneSettings.lighting
  artifactKey: Guid(64d9b5c04e27a41709be1199b74540bb) Importer(815301076,1909f56bfc062723c751e8b465ee728b)
Start importing Assets/Handpainted_Forest_pack/Showcase_sceneSettings.lighting using Guid(64d9b5c04e27a41709be1199b74540bb) Importer(815301076,1909f56bfc062723c751e8b465ee728b) LightingSettings: switching bake backend from 1 to 0.
 -> (artifact id: '96bcfec06b3ed57d8cf768c80bb692fc') in 0.004459 seconds
  Import took 0.012131 seconds .

========================================================================
Received Import Request.
  Time since last request: 13.721684 seconds.
  path: Assets/Handpainted_Forest_pack/Showcase_scene.unity
  artifactKey: Guid(2cb9febfd2d8161438f1ce73b4605529) Importer(815301076,1909f56bfc062723c751e8b465ee728b)
Start importing Assets/Handpainted_Forest_pack/Showcase_scene.unity using Guid(2cb9febfd2d8161438f1ce73b4605529) Importer(815301076,1909f56bfc062723c751e8b465ee728b)  -> (artifact id: 'b052a72ba4d33c7fdec9bbd33894a2ac') in 0.002474 seconds
  Import took 0.009458 seconds .

========================================================================
Received Import Request.
  Time since last request: 92.984726 seconds.
  path: Assets/Handpainted_Forest_pack/Models/Fir_v1_1.prefab
  artifactKey: Guid(a47d7ad739a48614babdcba6106ead5f) Importer(815301076,1909f56bfc062723c751e8b465ee728b)
Start importing Assets/Handpainted_Forest_pack/Models/Fir_v1_1.prefab using Guid(a47d7ad739a48614babdcba6106ead5f) Importer(815301076,1909f56bfc062723c751e8b465ee728b)  -> (artifact id: '0ffae50d8458824484bfad61f0ea7f40') in 0.077501 seconds
  Import took 0.084049 seconds .

========================================================================
Received Import Request.
  Time since last request: 5.291866 seconds.
  path: Assets/Handpainted_Forest_pack/Models/Fir_v1_1.prefab
  artifactKey: Guid(a47d7ad739a48614babdcba6106ead5f) Importer(815301076,1909f56bfc062723c751e8b465ee728b)
Start importing Assets/Handpainted_Forest_pack/Models/Fir_v1_1.prefab using Guid(a47d7ad739a48614babdcba6106ead5f) Importer(815301076,1909f56bfc062723c751e8b465ee728b)  -> (artifact id: '6c2b6d7e33de337df4c705dbba2d7098') in 0.035009 seconds
  Import took 0.041890 seconds .

========================================================================
Received Import Request.
  Time since last request: 4.296893 seconds.
  path: Assets/Handpainted_Forest_pack/Models/Fir_v1_1.prefab
  artifactKey: Guid(a47d7ad739a48614babdcba6106ead5f) Importer(815301076,1909f56bfc062723c751e8b465ee728b)
Start importing Assets/Handpainted_Forest_pack/Models/Fir_v1_1.prefab using Guid(a47d7ad739a48614babdcba6106ead5f) Importer(815301076,1909f56bfc062723c751e8b465ee728b)  -> (artifact id: 'd9a81f72d90f221dff82fee6696f7e1b') in 0.032160 seconds
  Import took 0.038094 seconds .

========================================================================
Received Import Request.
  Time since last request: 2.443025 seconds.
  path: Assets/Handpainted_Forest_pack/Models/Fir_v1_1.prefab
  artifactKey: Guid(a47d7ad739a48614babdcba6106ead5f) Importer(815301076,1909f56bfc062723c751e8b465ee728b)
Start importing Assets/Handpainted_Forest_pack/Models/Fir_v1_1.prefab using Guid(a47d7ad739a48614babdcba6106ead5f) Importer(815301076,1909f56bfc062723c751e8b465ee728b)  -> (artifact id: 'f368fdb19fdbbebfc959cb95352e3e25') in 0.019519 seconds
  Import took 0.023076 seconds .

========================================================================
Received Import Request.
  Time since last request: 4.282086 seconds.
  path: Assets/Handpainted_Forest_pack/Models/Fir_v1_1.prefab
  artifactKey: Guid(a47d7ad739a48614babdcba6106ead5f) Importer(815301076,1909f56bfc062723c751e8b465ee728b)
Start importing Assets/Handpainted_Forest_pack/Models/Fir_v1_1.prefab using Guid(a47d7ad739a48614babdcba6106ead5f) Importer(815301076,1909f56bfc062723c751e8b465ee728b)  -> (artifact id: '8d1e0deba7191ea974e91795e8d533a9') in 0.020942 seconds
  Import took 0.027153 seconds .

========================================================================
Received Import Request.
  Time since last request: 2.218342 seconds.
  path: Assets/Handpainted_Forest_pack/Models/Fir_v1_1.prefab
  artifactKey: Guid(a47d7ad739a48614babdcba6106ead5f) Importer(815301076,1909f56bfc062723c751e8b465ee728b)
Start importing Assets/Handpainted_Forest_pack/Models/Fir_v1_1.prefab using Guid(a47d7ad739a48614babdcba6106ead5f) Importer(815301076,1909f56bfc062723c751e8b465ee728b)  -> (artifact id: 'ec1d71dcd2126135505e65bf6934415f') in 0.018163 seconds
  Import took 0.026999 seconds .

========================================================================
Received Import Request.
  Time since last request: 3.797828 seconds.
  path: Assets/Handpainted_Forest_pack/Models/Fir_v1_1.prefab
  artifactKey: Guid(a47d7ad739a48614babdcba6106ead5f) Importer(815301076,1909f56bfc062723c751e8b465ee728b)
Start importing Assets/Handpainted_Forest_pack/Models/Fir_v1_1.prefab using Guid(a47d7ad739a48614babdcba6106ead5f) Importer(815301076,1909f56bfc062723c751e8b465ee728b)  -> (artifact id: '046d536d82d648fa6929d30f30741f02') in 0.018765 seconds
  Import took 0.023205 seconds .

========================================================================
Received Import Request.
  Time since last request: 3.628921 seconds.
  path: Assets/Handpainted_Forest_pack/Models/Fir_v1_1.prefab
  artifactKey: Guid(a47d7ad739a48614babdcba6106ead5f) Importer(815301076,1909f56bfc062723c751e8b465ee728b)
Start importing Assets/Handpainted_Forest_pack/Models/Fir_v1_1.prefab using Guid(a47d7ad739a48614babdcba6106ead5f) Importer(815301076,1909f56bfc062723c751e8b465ee728b)  -> (artifact id: '99d56362a37d5f656e21e9d8b1533272') in 0.010607 seconds
  Import took 0.015004 seconds .

========================================================================
Received Import Request.
  Time since last request: 412.854278 seconds.
  path: Assets/Assets_DevilsWorkShop/Low_Poly_Pixel_2D_Blocks_DevilsWorkShop_v04/Textures/assets_angled_36x50/isometric_pixel_flat_0228.png
  artifactKey: Guid(6fcbdc9bf563dfd4d9943cee5ceb0866) Importer(815301076,1909f56bfc062723c751e8b465ee728b)
Start importing Assets/Assets_DevilsWorkShop/Low_Poly_Pixel_2D_Blocks_DevilsWorkShop_v04/Textures/assets_angled_36x50/isometric_pixel_flat_0228.png using Guid(6fcbdc9bf563dfd4d9943cee5ceb0866) Importer(815301076,1909f56bfc062723c751e8b465ee728b)  -> (artifact id: '1203c43d64bcae588431a2b8e413b7d6') in 0.983236 seconds
  Import took 0.988248 seconds .

========================================================================
Received Import Request.
  Time since last request: 0.000257 seconds.
  path: Assets/Assets_DevilsWorkShop/Low_Poly_Pixel_2D_Blocks_DevilsWorkShop_v04/Textures/assets_angled_36x50/isometric_pixel_flat_0230.png
  artifactKey: Guid(cfb5acec3a3dd4547a946d9e1b26d818) Importer(815301076,1909f56bfc062723c751e8b465ee728b)
Start importing Assets/Assets_DevilsWorkShop/Low_Poly_Pixel_2D_Blocks_DevilsWorkShop_v04/Textures/assets_angled_36x50/isometric_pixel_flat_0230.png using Guid(cfb5acec3a3dd4547a946d9e1b26d818) Importer(815301076,1909f56bfc062723c751e8b465ee728b)  -> (artifact id: 'd4e8f5b7c3a6a5203459adb6cfea215b') in 0.017373 seconds
  Import took 0.022770 seconds .

========================================================================
Received Import Request.
  Time since last request: 0.000640 seconds.
  path: Assets/Assets_DevilsWorkShop/Low_Poly_Pixel_2D_Blocks_DevilsWorkShop_v04/Textures/assets_angled_36x50/isometric_pixel_flat_0229.png
  artifactKey: Guid(9f533b5ece9fa344bb1a31c3269d7e72) Importer(815301076,1909f56bfc062723c751e8b465ee728b)
Start importing Assets/Assets_DevilsWorkShop/Low_Poly_Pixel_2D_Blocks_DevilsWorkShop_v04/Textures/assets_angled_36x50/isometric_pixel_flat_0229.png using Guid(9f533b5ece9fa344bb1a31c3269d7e72) Importer(815301076,1909f56bfc062723c751e8b465ee728b)  -> (artifact id: '175cdc94e32cfafcfe457b1d255fb081') in 0.103202 seconds
  Import took 0.108356 seconds .

========================================================================
Received Import Request.
  Time since last request: 77.861475 seconds.
  path: ProjectSettings/TagManager.asset
  artifactKey: Guid(00000000000000003000000000000000) Importer(815301076,1909f56bfc062723c751e8b465ee728b)
Start importing ProjectSettings/TagManager.asset using Guid(00000000000000003000000000000000) Importer(815301076,1909f56bfc062723c751e8b465ee728b)  -> (artifact id: '082447fb32d28a02cefca8d69db189fd') in 0.264572 seconds
  Import took 0.272618 seconds .

