Using pre-set license

 COMMAND LINE ARGUMENTS:
/Applications/Unity/Hub/Editor/2020.3.7f1/Unity.app/Contents/MacOS/Unity
-adb2
-batchMode
-noUpm
-name
AssetImportWorker0
-projectPath
/Users/zoeyfarago/lighthouse/post/Plants/Plant Bonanza
-logFile
Logs/AssetImportWorker0.log
-srvPort
64462
Successfully changed project path to: /Users/zoeyfarago/lighthouse/post/Plants/Plant Bonanza
/Users/zoeyfarago/lighthouse/post/Plants/Plant Bonanza
Using Asset Import Pipeline V2.
Refreshing native plugins compatible for Editor in 70.73 ms, found 2 plugins.
Preloading 0 native plugins for Editor in 0.00 ms.
Initialize engine version: 2020.3.7f1 (dd97f2c94397)
[Subsystems] Discovering subsystems at path /Applications/Unity/Hub/Editor/2020.3.7f1/Unity.app/Contents/Resources/UnitySubsystems
[Subsystems] Discovering subsystems at path /Users/zoeyfarago/lighthouse/post/Plants/Plant Bonanza/Assets
GfxDevice: creating device client; threaded=0
2021-06-10 23:05:08.571 Unity[11053:1465123] Color LCD preferred device: Intel(R) Iris(TM) Plus Graphics 650 (low power)
2021-06-10 23:05:08.571 Unity[11053:1465123] Metal devices available: 1
2021-06-10 23:05:08.571 Unity[11053:1465123] 0: Intel(R) Iris(TM) Plus Graphics 650 (low power)
2021-06-10 23:05:08.572 Unity[11053:1465123] Using device Intel(R) Iris(TM) Plus Graphics 650 (low power)
Initializing Metal device caps: Intel(R) Iris(TM) Plus Graphics 650
Initialize mono
Mono path[0] = '/Applications/Unity/Hub/Editor/2020.3.7f1/Unity.app/Contents/Managed'
Mono path[1] = '/Applications/Unity/Hub/Editor/2020.3.7f1/Unity.app/Contents/MonoBleedingEdge/lib/mono/unityjit'
Mono config path = '/Applications/Unity/Hub/Editor/2020.3.7f1/Unity.app/Contents/MonoBleedingEdge/etc'
Using monoOptions --debugger-agent=transport=dt_socket,embedding=1,server=y,suspend=n,address=127.0.0.1:56053
Begin MonoManager ReloadAssembly
Registering precompiled unity dll's ...
Register platform support module: /Applications/Unity/Hub/Editor/2020.3.7f1/Unity.app/Contents/PlaybackEngines/MacStandaloneSupport/UnityEditor.OSXStandalone.Extensions.dll
Registered in 0.003241 seconds.
Native extension for OSXStandalone target not found
Refreshing native plugins compatible for Editor in 63.99 ms, found 2 plugins.
Preloading 0 native plugins for Editor in 0.00 ms.
Mono: successfully reloaded assembly
- Completed reload, in  2.862 seconds
Platform modules already initialized, skipping
Registering precompiled user dll's ...
Registered in 0.001925 seconds.
Begin MonoManager ReloadAssembly
Native extension for OSXStandalone target not found
Refreshing native plugins compatible for Editor in 74.18 ms, found 2 plugins.
Preloading 0 native plugins for Editor in 0.00 ms.
Mono: successfully reloaded assembly
- Completed reload, in  1.544 seconds
Platform modules already initialized, skipping
========================================================================
Worker process is ready to serve import requests
Launching external process: /Applications/Unity/Hub/Editor/2020.3.7f1/Unity.app/Contents/Tools/UnityShaderCompiler
Launched and connected shader compiler UnityShaderCompiler after 0.03 seconds
Refreshing native plugins compatible for Editor in 0.65 ms, found 2 plugins.
Preloading 0 native plugins for Editor in 0.00 ms.
Unloading 1808 Unused Serialized files (Serialized files now loaded: 0)
System memory in use before: 146.9 MB.
System memory in use after: 146.8 MB.

Unloading 24 unused Assets to reduce memory usage. Loaded Objects now: 2251.
Total: 2.732056 ms (FindLiveObjects: 0.423678 ms CreateObjectMapping: 0.177609 ms MarkObjects: 1.952936 ms  DeleteObjects: 0.175546 ms)

========================================================================
Received Import Request.
  path: Assets/Palette/Sample.prefab
  artifactKey: Guid(1d43894ffcb5648928b37bb98e7eda7b) Importer(815301076,1909f56bfc062723c751e8b465ee728b)
Start importing Assets/Palette/Sample.prefab using Guid(1d43894ffcb5648928b37bb98e7eda7b) Importer(815301076,1909f56bfc062723c751e8b465ee728b)  -> (artifact id: 'e4d6b57d3a70e500ddf663b8a78a018a') in 0.744383 seconds
  Import took 0.753970 seconds .

========================================================================
Received Import Request.
  Time since last request: 0.004800 seconds.
  path: Assets/Palette/Sample.prefab
  artifactKey: Guid(1d43894ffcb5648928b37bb98e7eda7b) Importer(815301076,1909f56bfc062723c751e8b465ee728b)
Start importing Assets/Palette/Sample.prefab using Guid(1d43894ffcb5648928b37bb98e7eda7b) Importer(815301076,1909f56bfc062723c751e8b465ee728b)  -> (artifact id: 'e4d6b57d3a70e500ddf663b8a78a018a') in 0.004795 seconds
  Import took 0.009434 seconds .

========================================================================
Received Import Request.
  Time since last request: 128.169952 seconds.
  path: Assets/Assets_DevilsWorkShop/Low_Poly_Pixel_2D_Blocks_DevilsWorkShop_v04/Textures
  artifactKey: Guid(ab63fba7912eb5f4486e79a7bf1f0979) Importer(815301076,1909f56bfc062723c751e8b465ee728b)
Start importing Assets/Assets_DevilsWorkShop/Low_Poly_Pixel_2D_Blocks_DevilsWorkShop_v04/Textures using Guid(ab63fba7912eb5f4486e79a7bf1f0979) Importer(815301076,1909f56bfc062723c751e8b465ee728b)  -> (artifact id: '5368baa6643d719036ff69c19be81c53') in 0.003788 seconds
  Import took 0.012562 seconds .

